  glad.c
  main.cpp
F:\C++\BoardGL\BoardGL\Headers\Utils\Utils.h(20,45): warning C4244: 'argument': conversion from 'float' to 'int', possible loss of data
F:\C++\BoardGL\BoardGL\Headers\Utils\Utils.h(20,32): warning C4244: 'argument': conversion from 'float' to 'int', possible loss of data
F:\C++\BoardGL\BoardGL\Headers\Core\Buffers\VertexBuffer.h(129,1): warning C4312: 'type cast': conversion from 'unsigned int' to 'void *' of greater size
F:\C++\BoardGL\BoardGL\Headers\Core\Drawing\Primitive\Drawable.h(157,19): warning C4267: 'return': conversion from 'size_t' to 'unsigned int', possible loss of data
F:\C++\BoardGL\BoardGL\Headers\Core\Drawing\Primitive\Drawable.h(160,19): warning C4267: 'return': conversion from 'size_t' to 'unsigned int', possible loss of data
F:\C++\BoardGL\BoardGL\Headers\Core\Buffers\VertexBuffer.h(125,1): warning C4312: 'type cast': conversion from 'unsigned int' to 'void *' of greater size
F:\C++\BoardGL\BoardGL\Headers\Core\Buffers\VertexBuffer.h(109): message : while compiling class template member function 'void VertexBuffer<float>::VertexAttrib(int,...)'
F:\C++\BoardGL\BoardGL\Headers\Core\Buffers\DrawBuffer.h(36): message : see reference to function template instantiation 'void VertexBuffer<float>::VertexAttrib(int,...)' being compiled
F:\C++\BoardGL\BoardGL\Headers\Core\Buffers\DrawBuffer.h(8): message : see reference to class template instantiation 'VertexBuffer<float>' being compiled
F:\C++\BoardGL\BoardGL\Headers\Core\Buffers\VertexBuffer.h(148,1): warning C4267: '=': conversion from 'size_t' to 'unsigned int', possible loss of data
F:\C++\BoardGL\BoardGL\Headers\Core\Buffers\VertexBuffer.h(140): message : while compiling class template member function 'unsigned int VertexBuffer<float>::addVertex(std::vector<type,std::allocator<type>>)'
          with
          [
              type=float
          ]
F:\C++\BoardGL\BoardGL\Headers\Core\Buffers\DrawBuffer.h(48): message : see reference to function template instantiation 'unsigned int VertexBuffer<float>::addVertex(std::vector<type,std::allocator<type>>)' being compiled
          with
          [
              type=float
          ]
F:\C++\BoardGL\BoardGL\Headers\Core\Buffers\VertexBuffer.h(178,1): warning C4267: 'argument': conversion from 'size_t' to 'GLsizei', possible loss of data
F:\C++\BoardGL\BoardGL\Headers\Core\Buffers\VertexBuffer.h(176): message : while compiling class template member function 'void VertexBuffer<unsigned int>::Draw(void)'
F:\C++\BoardGL\BoardGL\Headers\Core\Buffers\DrawBuffer.h(112): message : see reference to function template instantiation 'void VertexBuffer<unsigned int>::Draw(void)' being compiled
F:\C++\BoardGL\BoardGL\Headers\Core\Buffers\DrawBuffer.h(9): message : see reference to class template instantiation 'VertexBuffer<unsigned int>' being compiled
F:\C++\BoardGL\BoardGL\Headers\Core\Buffers\VertexBuffer.h(180,1): warning C4267: 'argument': conversion from 'size_t' to 'GLsizei', possible loss of data
F:\C++\BoardGL\BoardGL\Headers\Utils\Utils.h(36,1): warning C4267: 'initializing': conversion from 'size_t' to 'unsigned int', possible loss of data
F:\C++\BoardGL\BoardGL\Headers\Core\Buffers\VertexBuffer.h(156): message : see reference to function template instantiation 'void del<type>(unsigned int,unsigned int,std::vector<type,std::allocator<type>> &)' being compiled
          with
          [
              type=float
          ]
F:\C++\BoardGL\BoardGL\Headers\Core\Buffers\VertexBuffer.h(154): message : while compiling class template member function 'void VertexBuffer<float>::delVertex(unsigned int,unsigned int)'
F:\C++\BoardGL\BoardGL\Headers\Core\Buffers\DrawBuffer.h(90): message : see reference to function template instantiation 'void VertexBuffer<float>::delVertex(unsigned int,unsigned int)' being compiled
LINK : warning LNK4098: defaultlib 'LIBCMT' conflicts with use of other libs; use /NODEFAULTLIB:library
  Generating code
  Previous IPDB not found, fall back to full compilation.
  All 1426 functions were compiled because no usable IPDB/IOBJ from previous compilation was found.
  Finished generating code
  BoardGL.vcxproj -> F:\C++\BoardGL\x64\Release\BoardGL.exe
